This file contains any messages produced by compilers while
running configure, to aid debugging if configure makes a mistake.

It was created by libde265 configure 0.5, which was
generated by GNU Autoconf 2.69.  Invocation command line was

  $ ./configure CLFAGS=-fopenmp

## --------- ##
## Platform. ##
## --------- ##

hostname = osboxes
uname -m = x86_64
uname -r = 4.2.0-16-generic
uname -s = Linux
uname -v = #19-Ubuntu SMP Thu Oct 8 15:35:06 UTC 2015

/usr/bin/uname -p = unknown
/bin/uname -X     = unknown

/bin/arch              = unknown
/usr/bin/arch -k       = unknown
/usr/convex/getsysinfo = unknown
/usr/bin/hostinfo      = unknown
/bin/machine           = unknown
/usr/bin/oslevel       = unknown
/bin/universe          = unknown

PATH: /usr/local/sbin
PATH: /usr/local/bin
PATH: /usr/sbin
PATH: /usr/bin
PATH: /sbin
PATH: /bin
PATH: /usr/games
PATH: /usr/local/games


## ----------- ##
## Core tests. ##
## ----------- ##

configure:2632: checking build system type
configure:2646: result: x86_64-unknown-linux-gnu
configure:2666: checking host system type
configure:2679: result: x86_64-unknown-linux-gnu
configure:2699: checking target system type
configure:2712: result: x86_64-unknown-linux-gnu
configure:2746: WARNING: Libtool does not cope well with whitespace in `pwd`
configure:2790: checking how to print strings
configure:2817: result: printf
configure:2886: checking for gcc
configure:2902: found /usr/bin/gcc
configure:2913: result: gcc
configure:3142: checking for C compiler version
configure:3151: gcc --version >&5
gcc (Ubuntu 5.2.1-22ubuntu2) 5.2.1 20151010
Copyright (C) 2015 Free Software Foundation, Inc.
This is free software; see the source for copying conditions.  There is NO
warranty; not even for MERCHANTABILITY or FITNESS FOR A PARTICULAR PURPOSE.

configure:3162: $? = 0
configure:3151: gcc -v >&5
Using built-in specs.
COLLECT_GCC=gcc
COLLECT_LTO_WRAPPER=/usr/lib/gcc/x86_64-linux-gnu/5/lto-wrapper
Target: x86_64-linux-gnu
Configured with: ../src/configure -v --with-pkgversion='Ubuntu 5.2.1-22ubuntu2' --with-bugurl=file:///usr/share/doc/gcc-5/README.Bugs --enable-languages=c,ada,c++,java,go,d,fortran,objc,obj-c++ --prefix=/usr --program-suffix=-5 --enable-shared --enable-linker-build-id --libexecdir=/usr/lib --without-included-gettext --enable-threads=posix --libdir=/usr/lib --enable-nls --with-sysroot=/ --enable-clocale=gnu --enable-libstdcxx-debug --enable-libstdcxx-time=yes --with-default-libstdcxx-abi=new --enable-gnu-unique-object --disable-vtable-verify --enable-libmpx --enable-plugin --with-system-zlib --disable-browser-plugin --enable-java-awt=gtk --enable-gtk-cairo --with-java-home=/usr/lib/jvm/java-1.5.0-gcj-5-amd64/jre --enable-java-home --with-jvm-root-dir=/usr/lib/jvm/java-1.5.0-gcj-5-amd64 --with-jvm-jar-dir=/usr/lib/jvm-exports/java-1.5.0-gcj-5-amd64 --with-arch-directory=amd64 --with-ecj-jar=/usr/share/java/eclipse-ecj.jar --enable-objc-gc --enable-multiarch --disable-werror --with-arch-32=i686 --with-abi=m64 --with-multilib-list=m32,m64,mx32 --enable-multilib --with-tune=generic --enable-checking=release --build=x86_64-linux-gnu --host=x86_64-linux-gnu --target=x86_64-linux-gnu
Thread model: posix
gcc version 5.2.1 20151010 (Ubuntu 5.2.1-22ubuntu2) 
configure:3162: $? = 0
configure:3151: gcc -V >&5
gcc: error: unrecognized command line option '-V'
gcc: fatal error: no input files
compilation terminated.
configure:3162: $? = 1
configure:3151: gcc -qversion >&5
gcc: error: unrecognized command line option '-qversion'
gcc: fatal error: no input files
compilation terminated.
configure:3162: $? = 1
configure:3182: checking whether the C compiler works
configure:3204: gcc    conftest.c  >&5
configure:3208: $? = 0
configure:3256: result: yes
configure:3259: checking for C compiler default output file name
configure:3261: result: a.out
configure:3267: checking for suffix of executables
configure:3274: gcc -o conftest    conftest.c  >&5
configure:3278: $? = 0
configure:3300: result: 
configure:3322: checking whether we are cross compiling
configure:3330: gcc -o conftest    conftest.c  >&5
configure:3334: $? = 0
configure:3341: ./conftest
configure:3345: $? = 0
configure:3360: result: no
configure:3365: checking for suffix of object files
configure:3387: gcc -c   conftest.c >&5
configure:3391: $? = 0
configure:3412: result: o
configure:3416: checking whether we are using the GNU C compiler
configure:3435: gcc -c   conftest.c >&5
configure:3435: $? = 0
configure:3444: result: yes
configure:3453: checking whether gcc accepts -g
configure:3473: gcc -c -g  conftest.c >&5
configure:3473: $? = 0
configure:3514: result: yes
configure:3531: checking for gcc option to accept ISO C89
configure:3594: gcc  -c -g -O2  conftest.c >&5
configure:3594: $? = 0
configure:3607: result: none needed
configure:3627: checking for a sed that does not truncate output
configure:3691: result: /bin/sed
configure:3709: checking for grep that handles long lines and -e
configure:3767: result: /bin/grep
configure:3772: checking for egrep
configure:3834: result: /bin/grep -E
configure:3839: checking for fgrep
configure:3901: result: /bin/grep -F
configure:3936: checking for ld used by gcc
configure:4003: result: /usr/bin/ld
configure:4010: checking if the linker (/usr/bin/ld) is GNU ld
configure:4025: result: yes
configure:4037: checking for BSD- or MS-compatible name lister (nm)
configure:4086: result: /usr/bin/nm -B
configure:4216: checking the name lister (/usr/bin/nm -B) interface
configure:4223: gcc -c -g -O2  conftest.c >&5
configure:4226: /usr/bin/nm -B "conftest.o"
configure:4229: output
0000000000000000 B some_variable
configure:4236: result: BSD nm
configure:4239: checking whether ln -s works
configure:4243: result: yes
configure:4251: checking the maximum length of command line arguments
configure:4382: result: 1572864
configure:4399: checking whether the shell understands some XSI constructs
configure:4409: result: yes
configure:4413: checking whether the shell understands "+="
configure:4419: result: yes
configure:4454: checking how to convert x86_64-unknown-linux-gnu file names to x86_64-unknown-linux-gnu format
configure:4494: result: func_convert_file_noop
configure:4501: checking how to convert x86_64-unknown-linux-gnu file names to toolchain format
configure:4521: result: func_convert_file_noop
configure:4528: checking for /usr/bin/ld option to reload object files
configure:4535: result: -r
configure:4609: checking for objdump
configure:4625: found /usr/bin/objdump
configure:4636: result: objdump
configure:4668: checking how to recognize dependent libraries
configure:4866: result: pass_all
configure:4951: checking for dlltool
configure:4981: result: no
configure:5011: checking how to associate runtime and link libraries
configure:5038: result: printf %s\n
configure:5099: checking for ar
configure:5115: found /usr/bin/ar
configure:5126: result: ar
configure:5163: checking for archiver @FILE support
configure:5180: gcc -c -g -O2  conftest.c >&5
configure:5180: $? = 0
configure:5183: ar cru libconftest.a @conftest.lst >&5
ar: `u' modifier ignored since `D' is the default (see `U')
configure:5186: $? = 0
configure:5191: ar cru libconftest.a @conftest.lst >&5
ar: `u' modifier ignored since `D' is the default (see `U')
ar: conftest.o: No such file or directory
configure:5194: $? = 1
configure:5206: result: @
configure:5264: checking for strip
configure:5280: found /usr/bin/strip
configure:5291: result: strip
configure:5363: checking for ranlib
configure:5379: found /usr/bin/ranlib
configure:5390: result: ranlib
configure:5467: checking for gawk
configure:5497: result: no
configure:5467: checking for mawk
configure:5483: found /usr/bin/mawk
configure:5494: result: mawk
configure:5534: checking command to parse /usr/bin/nm -B output from gcc object
configure:5654: gcc -c -g -O2  conftest.c >&5
configure:5657: $? = 0
configure:5661: /usr/bin/nm -B conftest.o \| sed -n -e 's/^.*[ ]\([ABCDGIRSTW][ABCDGIRSTW]*\)[ ][ ]*\([_A-Za-z][_A-Za-z0-9]*\)$/\1 \2 \2/p' | sed '/ __gnu_lto/d' \> conftest.nm
configure:5664: $? = 0
configure:5730: gcc -o conftest -g -O2   conftest.c conftstm.o >&5
configure:5733: $? = 0
configure:5771: result: ok
configure:5808: checking for sysroot
configure:5838: result: no
configure:5915: gcc -c -g -O2  conftest.c >&5
configure:5918: $? = 0
configure:6101: checking for mt
configure:6117: found /bin/mt
configure:6128: result: mt
configure:6151: checking if mt is a manifest tool
configure:6157: mt '-?'
configure:6165: result: no
configure:6807: checking how to run the C preprocessor
configure:6838: gcc -E  conftest.c
configure:6838: $? = 0
configure:6852: gcc -E  conftest.c
conftest.c:9:28: fatal error: ac_nonexistent.h: No such file or directory
compilation terminated.
configure:6852: $? = 1
configure: failed program was:
| /* confdefs.h */
| #define PACKAGE_NAME "libde265"
| #define PACKAGE_TARNAME "libde265"
| #define PACKAGE_VERSION "0.5"
| #define PACKAGE_STRING "libde265 0.5"
| #define PACKAGE_BUGREPORT "farin@struktur.de"
| #define PACKAGE_URL ""
| /* end confdefs.h.  */
| #include <ac_nonexistent.h>
configure:6877: result: gcc -E
configure:6897: gcc -E  conftest.c
configure:6897: $? = 0
configure:6911: gcc -E  conftest.c
conftest.c:9:28: fatal error: ac_nonexistent.h: No such file or directory
compilation terminated.
configure:6911: $? = 1
configure: failed program was:
| /* confdefs.h */
| #define PACKAGE_NAME "libde265"
| #define PACKAGE_TARNAME "libde265"
| #define PACKAGE_VERSION "0.5"
| #define PACKAGE_STRING "libde265 0.5"
| #define PACKAGE_BUGREPORT "farin@struktur.de"
| #define PACKAGE_URL ""
| /* end confdefs.h.  */
| #include <ac_nonexistent.h>
configure:6940: checking for ANSI C header files
configure:6960: gcc -c -g -O2  conftest.c >&5
configure:6960: $? = 0
configure:7033: gcc -o conftest -g -O2   conftest.c  >&5
configure:7033: $? = 0
configure:7033: ./conftest
configure:7033: $? = 0
configure:7044: result: yes
configure:7057: checking for sys/types.h
configure:7057: gcc -c -g -O2  conftest.c >&5
configure:7057: $? = 0
configure:7057: result: yes
configure:7057: checking for sys/stat.h
configure:7057: gcc -c -g -O2  conftest.c >&5
configure:7057: $? = 0
configure:7057: result: yes
configure:7057: checking for stdlib.h
configure:7057: gcc -c -g -O2  conftest.c >&5
configure:7057: $? = 0
configure:7057: result: yes
configure:7057: checking for string.h
configure:7057: gcc -c -g -O2  conftest.c >&5
configure:7057: $? = 0
configure:7057: result: yes
configure:7057: checking for memory.h
configure:7057: gcc -c -g -O2  conftest.c >&5
configure:7057: $? = 0
configure:7057: result: yes
configure:7057: checking for strings.h
configure:7057: gcc -c -g -O2  conftest.c >&5
configure:7057: $? = 0
configure:7057: result: yes
configure:7057: checking for inttypes.h
configure:7057: gcc -c -g -O2  conftest.c >&5
configure:7057: $? = 0
configure:7057: result: yes
configure:7057: checking for stdint.h
configure:7057: gcc -c -g -O2  conftest.c >&5
configure:7057: $? = 0
configure:7057: result: yes
configure:7057: checking for unistd.h
configure:7057: gcc -c -g -O2  conftest.c >&5
configure:7057: $? = 0
configure:7057: result: yes
configure:7071: checking for dlfcn.h
configure:7071: gcc -c -g -O2  conftest.c >&5
configure:7071: $? = 0
configure:7071: result: yes
configure:7277: checking for objdir
configure:7292: result: .libs
configure:7563: checking if gcc supports -fno-rtti -fno-exceptions
configure:7581: gcc -c -g -O2  -fno-rtti -fno-exceptions conftest.c >&5
cc1: warning: command line option '-fno-rtti' is valid for C++/ObjC++ but not for C
configure:7585: $? = 0
configure:7598: result: no
configure:7925: checking for gcc option to produce PIC
configure:7932: result: -fPIC -DPIC
configure:7940: checking if gcc PIC flag -fPIC -DPIC works
configure:7958: gcc -c -g -O2  -fPIC -DPIC -DPIC conftest.c >&5
configure:7962: $? = 0
configure:7975: result: yes
configure:8004: checking if gcc static flag -static works
configure:8032: result: yes
configure:8047: checking if gcc supports -c -o file.o
configure:8068: gcc -c -g -O2  -o out/conftest2.o conftest.c >&5
configure:8072: $? = 0
configure:8094: result: yes
configure:8102: checking if gcc supports -c -o file.o
configure:8149: result: yes
configure:8182: checking whether the gcc linker (/usr/bin/ld -m elf_x86_64) supports shared libraries
configure:9339: result: yes
configure:9376: checking whether -lc should be explicitly linked in
configure:9384: gcc -c -g -O2  conftest.c >&5
configure:9387: $? = 0
configure:9402: gcc -shared  -fPIC -DPIC conftest.o  -v -Wl,-soname -Wl,conftest -o conftest 2\>\&1 \| /bin/grep  -lc  \>/dev/null 2\>\&1
configure:9405: $? = 0
configure:9419: result: no
configure:9579: checking dynamic linker characteristics
configure:10079: gcc -o conftest -g -O2   -Wl,-rpath -Wl,/foo conftest.c  >&5
configure:10079: $? = 0
configure:10313: result: GNU/Linux ld.so
configure:10420: checking how to hardcode library paths into programs
configure:10445: result: immediate
configure:10985: checking whether stripping libraries is possible
configure:10990: result: yes
configure:11025: checking if libtool supports shared libraries
configure:11027: result: yes
configure:11030: checking whether to build shared libraries
configure:11051: result: yes
configure:11054: checking whether to build static libraries
configure:11058: result: yes
configure:11156: checking for g++
configure:11172: found /usr/bin/g++
configure:11183: result: g++
configure:11210: checking for C++ compiler version
configure:11219: g++ --version >&5
g++ (Ubuntu 5.2.1-22ubuntu2) 5.2.1 20151010
Copyright (C) 2015 Free Software Foundation, Inc.
This is free software; see the source for copying conditions.  There is NO
warranty; not even for MERCHANTABILITY or FITNESS FOR A PARTICULAR PURPOSE.

configure:11230: $? = 0
configure:11219: g++ -v >&5
Using built-in specs.
COLLECT_GCC=g++
COLLECT_LTO_WRAPPER=/usr/lib/gcc/x86_64-linux-gnu/5/lto-wrapper
Target: x86_64-linux-gnu
Configured with: ../src/configure -v --with-pkgversion='Ubuntu 5.2.1-22ubuntu2' --with-bugurl=file:///usr/share/doc/gcc-5/README.Bugs --enable-languages=c,ada,c++,java,go,d,fortran,objc,obj-c++ --prefix=/usr --program-suffix=-5 --enable-shared --enable-linker-build-id --libexecdir=/usr/lib --without-included-gettext --enable-threads=posix --libdir=/usr/lib --enable-nls --with-sysroot=/ --enable-clocale=gnu --enable-libstdcxx-debug --enable-libstdcxx-time=yes --with-default-libstdcxx-abi=new --enable-gnu-unique-object --disable-vtable-verify --enable-libmpx --enable-plugin --with-system-zlib --disable-browser-plugin --enable-java-awt=gtk --enable-gtk-cairo --with-java-home=/usr/lib/jvm/java-1.5.0-gcj-5-amd64/jre --enable-java-home --with-jvm-root-dir=/usr/lib/jvm/java-1.5.0-gcj-5-amd64 --with-jvm-jar-dir=/usr/lib/jvm-exports/java-1.5.0-gcj-5-amd64 --with-arch-directory=amd64 --with-ecj-jar=/usr/share/java/eclipse-ecj.jar --enable-objc-gc --enable-multiarch --disable-werror --with-arch-32=i686 --with-abi=m64 --with-multilib-list=m32,m64,mx32 --enable-multilib --with-tune=generic --enable-checking=release --build=x86_64-linux-gnu --host=x86_64-linux-gnu --target=x86_64-linux-gnu
Thread model: posix
gcc version 5.2.1 20151010 (Ubuntu 5.2.1-22ubuntu2) 
configure:11230: $? = 0
configure:11219: g++ -V >&5
g++: error: unrecognized command line option '-V'
g++: fatal error: no input files
compilation terminated.
configure:11230: $? = 1
configure:11219: g++ -qversion >&5
g++: error: unrecognized command line option '-qversion'
g++: fatal error: no input files
compilation terminated.
configure:11230: $? = 1
configure:11234: checking whether we are using the GNU C++ compiler
configure:11253: g++ -c   conftest.cpp >&5
configure:11253: $? = 0
configure:11262: result: yes
configure:11271: checking whether g++ accepts -g
configure:11291: g++ -c -g  conftest.cpp >&5
configure:11291: $? = 0
configure:11332: result: yes
configure:11373: checking how to run the C++ preprocessor
configure:11400: g++ -E  conftest.cpp
configure:11400: $? = 0
configure:11414: g++ -E  conftest.cpp
conftest.cpp:21:28: fatal error: ac_nonexistent.h: No such file or directory
compilation terminated.
configure:11414: $? = 1
configure: failed program was:
| /* confdefs.h */
| #define PACKAGE_NAME "libde265"
| #define PACKAGE_TARNAME "libde265"
| #define PACKAGE_VERSION "0.5"
| #define PACKAGE_STRING "libde265 0.5"
| #define PACKAGE_BUGREPORT "farin@struktur.de"
| #define PACKAGE_URL ""
| #define STDC_HEADERS 1
| #define HAVE_SYS_TYPES_H 1
| #define HAVE_SYS_STAT_H 1
| #define HAVE_STDLIB_H 1
| #define HAVE_STRING_H 1
| #define HAVE_MEMORY_H 1
| #define HAVE_STRINGS_H 1
| #define HAVE_INTTYPES_H 1
| #define HAVE_STDINT_H 1
| #define HAVE_UNISTD_H 1
| #define HAVE_DLFCN_H 1
| #define LT_OBJDIR ".libs/"
| /* end confdefs.h.  */
| #include <ac_nonexistent.h>
configure:11439: result: g++ -E
configure:11459: g++ -E  conftest.cpp
configure:11459: $? = 0
configure:11473: g++ -E  conftest.cpp
conftest.cpp:21:28: fatal error: ac_nonexistent.h: No such file or directory
compilation terminated.
configure:11473: $? = 1
configure: failed program was:
| /* confdefs.h */
| #define PACKAGE_NAME "libde265"
| #define PACKAGE_TARNAME "libde265"
| #define PACKAGE_VERSION "0.5"
| #define PACKAGE_STRING "libde265 0.5"
| #define PACKAGE_BUGREPORT "farin@struktur.de"
| #define PACKAGE_URL ""
| #define STDC_HEADERS 1
| #define HAVE_SYS_TYPES_H 1
| #define HAVE_SYS_STAT_H 1
| #define HAVE_STDLIB_H 1
| #define HAVE_STRING_H 1
| #define HAVE_MEMORY_H 1
| #define HAVE_STRINGS_H 1
| #define HAVE_INTTYPES_H 1
| #define HAVE_STDINT_H 1
| #define HAVE_UNISTD_H 1
| #define HAVE_DLFCN_H 1
| #define LT_OBJDIR ".libs/"
| /* end confdefs.h.  */
| #include <ac_nonexistent.h>
configure:11642: checking for ld used by g++
configure:11709: result: /usr/bin/ld -m elf_x86_64
configure:11716: checking if the linker (/usr/bin/ld -m elf_x86_64) is GNU ld
configure:11731: result: yes
configure:11786: checking whether the g++ linker (/usr/bin/ld -m elf_x86_64) supports shared libraries
configure:12788: result: yes
configure:12824: g++ -c -g -O2  conftest.cpp >&5
configure:12827: $? = 0
configure:13347: checking for g++ option to produce PIC
configure:13354: result: -fPIC -DPIC
configure:13362: checking if g++ PIC flag -fPIC -DPIC works
configure:13380: g++ -c -g -O2  -fPIC -DPIC -DPIC conftest.cpp >&5
configure:13384: $? = 0
configure:13397: result: yes
configure:13420: checking if g++ static flag -static works
configure:13448: result: yes
configure:13460: checking if g++ supports -c -o file.o
configure:13481: g++ -c -g -O2  -o out/conftest2.o conftest.cpp >&5
configure:13485: $? = 0
configure:13507: result: yes
configure:13512: checking if g++ supports -c -o file.o
configure:13559: result: yes
configure:13589: checking whether the g++ linker (/usr/bin/ld -m elf_x86_64) supports shared libraries
configure:13628: result: yes
configure:13769: checking dynamic linker characteristics
configure:14437: result: GNU/Linux ld.so
configure:14490: checking how to hardcode library paths into programs
configure:14515: result: immediate
configure:14603: checking for gcc
configure:14630: result: gcc
configure:14859: checking for C compiler version
configure:14868: gcc --version >&5
gcc (Ubuntu 5.2.1-22ubuntu2) 5.2.1 20151010
Copyright (C) 2015 Free Software Foundation, Inc.
This is free software; see the source for copying conditions.  There is NO
warranty; not even for MERCHANTABILITY or FITNESS FOR A PARTICULAR PURPOSE.

configure:14879: $? = 0
configure:14868: gcc -v >&5
Using built-in specs.
COLLECT_GCC=gcc
COLLECT_LTO_WRAPPER=/usr/lib/gcc/x86_64-linux-gnu/5/lto-wrapper
Target: x86_64-linux-gnu
Configured with: ../src/configure -v --with-pkgversion='Ubuntu 5.2.1-22ubuntu2' --with-bugurl=file:///usr/share/doc/gcc-5/README.Bugs --enable-languages=c,ada,c++,java,go,d,fortran,objc,obj-c++ --prefix=/usr --program-suffix=-5 --enable-shared --enable-linker-build-id --libexecdir=/usr/lib --without-included-gettext --enable-threads=posix --libdir=/usr/lib --enable-nls --with-sysroot=/ --enable-clocale=gnu --enable-libstdcxx-debug --enable-libstdcxx-time=yes --with-default-libstdcxx-abi=new --enable-gnu-unique-object --disable-vtable-verify --enable-libmpx --enable-plugin --with-system-zlib --disable-browser-plugin --enable-java-awt=gtk --enable-gtk-cairo --with-java-home=/usr/lib/jvm/java-1.5.0-gcj-5-amd64/jre --enable-java-home --with-jvm-root-dir=/usr/lib/jvm/java-1.5.0-gcj-5-amd64 --with-jvm-jar-dir=/usr/lib/jvm-exports/java-1.5.0-gcj-5-amd64 --with-arch-directory=amd64 --with-ecj-jar=/usr/share/java/eclipse-ecj.jar --enable-objc-gc --enable-multiarch --disable-werror --with-arch-32=i686 --with-abi=m64 --with-multilib-list=m32,m64,mx32 --enable-multilib --with-tune=generic --enable-checking=release --build=x86_64-linux-gnu --host=x86_64-linux-gnu --target=x86_64-linux-gnu
Thread model: posix
gcc version 5.2.1 20151010 (Ubuntu 5.2.1-22ubuntu2) 
configure:14879: $? = 0
configure:14868: gcc -V >&5
gcc: error: unrecognized command line option '-V'
gcc: fatal error: no input files
compilation terminated.
configure:14879: $? = 1
configure:14868: gcc -qversion >&5
gcc: error: unrecognized command line option '-qversion'
gcc: fatal error: no input files
compilation terminated.
configure:14879: $? = 1
configure:14883: checking whether we are using the GNU C compiler
configure:14911: result: yes
configure:14920: checking whether gcc accepts -g
configure:14981: result: yes
configure:14998: checking for gcc option to accept ISO C89
configure:15074: result: none needed
configure:15108: checking for a BSD-compatible install
configure:15176: result: /usr/bin/install -c
configure:15187: checking whether ln -s works
configure:15191: result: yes
configure:15202: checking whether build environment is sane
configure:15257: result: yes
configure:15408: checking for a thread-safe mkdir -p
configure:15447: result: /bin/mkdir -p
configure:15450: checking whether make sets $(MAKE)
configure:15472: result: yes
configure:15502: checking for style of include used by make
configure:15530: result: GNU
configure:15564: checking whether make supports nested variables
configure:15581: result: yes
configure:15666: checking dependency style of gcc
configure:15777: result: gcc3
configure:15794: checking dependency style of g++
configure:15905: result: gcc3
configure:15937: checking for stdint.h
configure:15937: result: yes
configure:15937: checking for stdlib.h
configure:15937: result: yes
configure:15937: checking for string.h
configure:15937: result: yes
configure:15937: checking malloc.h usability
configure:15937: gcc -c -g -O2 -std=c99 -Wall  conftest.c >&5
configure:15937: $? = 0
configure:15937: result: yes
configure:15937: checking malloc.h presence
configure:15937: gcc -E  conftest.c
configure:15937: $? = 0
configure:15937: result: yes
configure:15937: checking for malloc.h
configure:15937: result: yes
configure:15949: checking for stdbool.h that conforms to C99
configure:16016: gcc -c -g -O2 -std=c99 -Wall  conftest.c >&5
conftest.c: In function 'main':
conftest.c:76:14: warning: the address of 's' will always evaluate as 'true' [-Waddress]
              bool e = &s;
              ^
conftest.c:80:22: warning: the address of 'a' will always evaluate as 'true' [-Waddress]
              return (!a + !b + !c + !d + !e + !f + !g + !h + !i + !!j + !k + !!l
                      ^
conftest.c:80:27: warning: the address of 'b' will always evaluate as 'true' [-Waddress]
              return (!a + !b + !c + !d + !e + !f + !g + !h + !i + !!j + !k + !!l
                           ^
conftest.c:80:32: warning: the address of 'c' will always evaluate as 'true' [-Waddress]
              return (!a + !b + !c + !d + !e + !f + !g + !h + !i + !!j + !k + !!l
                                ^
conftest.c:80:37: warning: the address of 'd' will always evaluate as 'true' [-Waddress]
              return (!a + !b + !c + !d + !e + !f + !g + !h + !i + !!j + !k + !!l
                                     ^
conftest.c:80:47: warning: the address of 'f' will always evaluate as 'true' [-Waddress]
              return (!a + !b + !c + !d + !e + !f + !g + !h + !i + !!j + !k + !!l
                                               ^
conftest.c:80:52: warning: the address of 'g' will always evaluate as 'true' [-Waddress]
              return (!a + !b + !c + !d + !e + !f + !g + !h + !i + !!j + !k + !!l
                                                    ^
conftest.c:80:57: warning: the address of 'h' will always evaluate as 'true' [-Waddress]
              return (!a + !b + !c + !d + !e + !f + !g + !h + !i + !!j + !k + !!l
                                                         ^
conftest.c:80:62: warning: the address of 'i' will always evaluate as 'true' [-Waddress]
              return (!a + !b + !c + !d + !e + !f + !g + !h + !i + !!j + !k + !!l
                                                              ^
conftest.c:81:29: warning: the address of 'n' will always evaluate as 'true' [-Waddress]
                             ^
conftest.c:81:34: warning: the address of 'o' will always evaluate as 'true' [-Waddress]
                                  ^
conftest.c:81:39: warning: the address of 'p' will always evaluate as 'true' [-Waddress]
                                       ^
configure:16016: $? = 0
configure:16023: result: yes
configure:16025: checking for _Bool
configure:16025: gcc -c -g -O2 -std=c99 -Wall  conftest.c >&5
configure:16025: $? = 0
configure:16025: gcc -c -g -O2 -std=c99 -Wall  conftest.c >&5
conftest.c: In function 'main':
conftest.c:63:20: error: expected expression before ')' token
 if (sizeof ((_Bool)))
                    ^
configure:16025: $? = 1
configure: failed program was:
| /* confdefs.h */
| #define PACKAGE_NAME "libde265"
| #define PACKAGE_TARNAME "libde265"
| #define PACKAGE_VERSION "0.5"
| #define PACKAGE_STRING "libde265 0.5"
| #define PACKAGE_BUGREPORT "farin@struktur.de"
| #define PACKAGE_URL ""
| #define STDC_HEADERS 1
| #define HAVE_SYS_TYPES_H 1
| #define HAVE_SYS_STAT_H 1
| #define HAVE_STDLIB_H 1
| #define HAVE_STRING_H 1
| #define HAVE_MEMORY_H 1
| #define HAVE_STRINGS_H 1
| #define HAVE_INTTYPES_H 1
| #define HAVE_STDINT_H 1
| #define HAVE_UNISTD_H 1
| #define HAVE_DLFCN_H 1
| #define LT_OBJDIR ".libs/"
| #define PACKAGE "libde265"
| #define VERSION "0.5"
| #define HAVE_STDINT_H 1
| #define HAVE_STDLIB_H 1
| #define HAVE_STRING_H 1
| #define HAVE_MALLOC_H 1
| /* end confdefs.h.  */
| #include <stdio.h>
| #ifdef HAVE_SYS_TYPES_H
| # include <sys/types.h>
| #endif
| #ifdef HAVE_SYS_STAT_H
| # include <sys/stat.h>
| #endif
| #ifdef STDC_HEADERS
| # include <stdlib.h>
| # include <stddef.h>
| #else
| # ifdef HAVE_STDLIB_H
| #  include <stdlib.h>
| # endif
| #endif
| #ifdef HAVE_STRING_H
| # if !defined STDC_HEADERS && defined HAVE_MEMORY_H
| #  include <memory.h>
| # endif
| # include <string.h>
| #endif
| #ifdef HAVE_STRINGS_H
| # include <strings.h>
| #endif
| #ifdef HAVE_INTTYPES_H
| # include <inttypes.h>
| #endif
| #ifdef HAVE_STDINT_H
| # include <stdint.h>
| #endif
| #ifdef HAVE_UNISTD_H
| # include <unistd.h>
| #endif
| int
| main ()
| {
| if (sizeof ((_Bool)))
| 	    return 0;
|   ;
|   return 0;
| }
configure:16025: result: yes
configure:16042: checking for int16_t
configure:16042: gcc -c -g -O2 -std=c99 -Wall  conftest.c >&5
configure:16042: $? = 0
configure:16042: gcc -c -g -O2 -std=c99 -Wall  conftest.c >&5
conftest.c: In function 'main':
conftest.c:66:12: error: size of array 'test_array' is negative
 static int test_array [1 - 2 * !((int16_t) (((((int16_t) 1 << N) << N) - 1) * 2 + 1)
            ^
configure:16042: $? = 1
configure: failed program was:
| /* confdefs.h */
| #define PACKAGE_NAME "libde265"
| #define PACKAGE_TARNAME "libde265"
| #define PACKAGE_VERSION "0.5"
| #define PACKAGE_STRING "libde265 0.5"
| #define PACKAGE_BUGREPORT "farin@struktur.de"
| #define PACKAGE_URL ""
| #define STDC_HEADERS 1
| #define HAVE_SYS_TYPES_H 1
| #define HAVE_SYS_STAT_H 1
| #define HAVE_STDLIB_H 1
| #define HAVE_STRING_H 1
| #define HAVE_MEMORY_H 1
| #define HAVE_STRINGS_H 1
| #define HAVE_INTTYPES_H 1
| #define HAVE_STDINT_H 1
| #define HAVE_UNISTD_H 1
| #define HAVE_DLFCN_H 1
| #define LT_OBJDIR ".libs/"
| #define PACKAGE "libde265"
| #define VERSION "0.5"
| #define HAVE_STDINT_H 1
| #define HAVE_STDLIB_H 1
| #define HAVE_STRING_H 1
| #define HAVE_MALLOC_H 1
| #define HAVE__BOOL 1
| #define HAVE_STDBOOL_H 1
| /* end confdefs.h.  */
| #include <stdio.h>
| #ifdef HAVE_SYS_TYPES_H
| # include <sys/types.h>
| #endif
| #ifdef HAVE_SYS_STAT_H
| # include <sys/stat.h>
| #endif
| #ifdef STDC_HEADERS
| # include <stdlib.h>
| # include <stddef.h>
| #else
| # ifdef HAVE_STDLIB_H
| #  include <stdlib.h>
| # endif
| #endif
| #ifdef HAVE_STRING_H
| # if !defined STDC_HEADERS && defined HAVE_MEMORY_H
| #  include <memory.h>
| # endif
| # include <string.h>
| #endif
| #ifdef HAVE_STRINGS_H
| # include <strings.h>
| #endif
| #ifdef HAVE_INTTYPES_H
| # include <inttypes.h>
| #endif
| #ifdef HAVE_STDINT_H
| # include <stdint.h>
| #endif
| #ifdef HAVE_UNISTD_H
| # include <unistd.h>
| #endif
| 	        enum { N = 16 / 2 - 1 };
| int
| main ()
| {
| static int test_array [1 - 2 * !((int16_t) (((((int16_t) 1 << N) << N) - 1) * 2 + 1)
| 		 < (int16_t) (((((int16_t) 1 << N) << N) - 1) * 2 + 2))];
| test_array [0] = 0;
| return test_array [0];
| 
|   ;
|   return 0;
| }
configure:16042: result: yes
configure:16053: checking for int32_t
configure:16053: gcc -c -g -O2 -std=c99 -Wall  conftest.c >&5
configure:16053: $? = 0
configure:16053: gcc -c -g -O2 -std=c99 -Wall  conftest.c >&5
conftest.c: In function 'main':
conftest.c:67:53: warning: integer overflow in expression [-Woverflow]
    < (int32_t) (((((int32_t) 1 << N) << N) - 1) * 2 + 2))];
                                                     ^
conftest.c:66:12: error: storage size of 'test_array' isn't constant
 static int test_array [1 - 2 * !((int32_t) (((((int32_t) 1 << N) << N) - 1) * 2 + 1)
            ^
conftest.c:66:12: warning: unused variable 'test_array' [-Wunused-variable]
configure:16053: $? = 1
configure: failed program was:
| /* confdefs.h */
| #define PACKAGE_NAME "libde265"
| #define PACKAGE_TARNAME "libde265"
| #define PACKAGE_VERSION "0.5"
| #define PACKAGE_STRING "libde265 0.5"
| #define PACKAGE_BUGREPORT "farin@struktur.de"
| #define PACKAGE_URL ""
| #define STDC_HEADERS 1
| #define HAVE_SYS_TYPES_H 1
| #define HAVE_SYS_STAT_H 1
| #define HAVE_STDLIB_H 1
| #define HAVE_STRING_H 1
| #define HAVE_MEMORY_H 1
| #define HAVE_STRINGS_H 1
| #define HAVE_INTTYPES_H 1
| #define HAVE_STDINT_H 1
| #define HAVE_UNISTD_H 1
| #define HAVE_DLFCN_H 1
| #define LT_OBJDIR ".libs/"
| #define PACKAGE "libde265"
| #define VERSION "0.5"
| #define HAVE_STDINT_H 1
| #define HAVE_STDLIB_H 1
| #define HAVE_STRING_H 1
| #define HAVE_MALLOC_H 1
| #define HAVE__BOOL 1
| #define HAVE_STDBOOL_H 1
| /* end confdefs.h.  */
| #include <stdio.h>
| #ifdef HAVE_SYS_TYPES_H
| # include <sys/types.h>
| #endif
| #ifdef HAVE_SYS_STAT_H
| # include <sys/stat.h>
| #endif
| #ifdef STDC_HEADERS
| # include <stdlib.h>
| # include <stddef.h>
| #else
| # ifdef HAVE_STDLIB_H
| #  include <stdlib.h>
| # endif
| #endif
| #ifdef HAVE_STRING_H
| # if !defined STDC_HEADERS && defined HAVE_MEMORY_H
| #  include <memory.h>
| # endif
| # include <string.h>
| #endif
| #ifdef HAVE_STRINGS_H
| # include <strings.h>
| #endif
| #ifdef HAVE_INTTYPES_H
| # include <inttypes.h>
| #endif
| #ifdef HAVE_STDINT_H
| # include <stdint.h>
| #endif
| #ifdef HAVE_UNISTD_H
| # include <unistd.h>
| #endif
| 	        enum { N = 32 / 2 - 1 };
| int
| main ()
| {
| static int test_array [1 - 2 * !((int32_t) (((((int32_t) 1 << N) << N) - 1) * 2 + 1)
| 		 < (int32_t) (((((int32_t) 1 << N) << N) - 1) * 2 + 2))];
| test_array [0] = 0;
| return test_array [0];
| 
|   ;
|   return 0;
| }
configure:16053: result: yes
configure:16064: checking for int8_t
configure:16064: gcc -c -g -O2 -std=c99 -Wall  conftest.c >&5
configure:16064: $? = 0
configure:16064: gcc -c -g -O2 -std=c99 -Wall  conftest.c >&5
conftest.c: In function 'main':
conftest.c:66:12: error: size of array 'test_array' is negative
 static int test_array [1 - 2 * !((int8_t) (((((int8_t) 1 << N) << N) - 1) * 2 + 1)
            ^
configure:16064: $? = 1
configure: failed program was:
| /* confdefs.h */
| #define PACKAGE_NAME "libde265"
| #define PACKAGE_TARNAME "libde265"
| #define PACKAGE_VERSION "0.5"
| #define PACKAGE_STRING "libde265 0.5"
| #define PACKAGE_BUGREPORT "farin@struktur.de"
| #define PACKAGE_URL ""
| #define STDC_HEADERS 1
| #define HAVE_SYS_TYPES_H 1
| #define HAVE_SYS_STAT_H 1
| #define HAVE_STDLIB_H 1
| #define HAVE_STRING_H 1
| #define HAVE_MEMORY_H 1
| #define HAVE_STRINGS_H 1
| #define HAVE_INTTYPES_H 1
| #define HAVE_STDINT_H 1
| #define HAVE_UNISTD_H 1
| #define HAVE_DLFCN_H 1
| #define LT_OBJDIR ".libs/"
| #define PACKAGE "libde265"
| #define VERSION "0.5"
| #define HAVE_STDINT_H 1
| #define HAVE_STDLIB_H 1
| #define HAVE_STRING_H 1
| #define HAVE_MALLOC_H 1
| #define HAVE__BOOL 1
| #define HAVE_STDBOOL_H 1
| /* end confdefs.h.  */
| #include <stdio.h>
| #ifdef HAVE_SYS_TYPES_H
| # include <sys/types.h>
| #endif
| #ifdef HAVE_SYS_STAT_H
| # include <sys/stat.h>
| #endif
| #ifdef STDC_HEADERS
| # include <stdlib.h>
| # include <stddef.h>
| #else
| # ifdef HAVE_STDLIB_H
| #  include <stdlib.h>
| # endif
| #endif
| #ifdef HAVE_STRING_H
| # if !defined STDC_HEADERS && defined HAVE_MEMORY_H
| #  include <memory.h>
| # endif
| # include <string.h>
| #endif
| #ifdef HAVE_STRINGS_H
| # include <strings.h>
| #endif
| #ifdef HAVE_INTTYPES_H
| # include <inttypes.h>
| #endif
| #ifdef HAVE_STDINT_H
| # include <stdint.h>
| #endif
| #ifdef HAVE_UNISTD_H
| # include <unistd.h>
| #endif
| 	        enum { N = 8 / 2 - 1 };
| int
| main ()
| {
| static int test_array [1 - 2 * !((int8_t) (((((int8_t) 1 << N) << N) - 1) * 2 + 1)
| 		 < (int8_t) (((((int8_t) 1 << N) << N) - 1) * 2 + 2))];
| test_array [0] = 0;
| return test_array [0];
| 
|   ;
|   return 0;
| }
configure:16064: result: yes
configure:16075: checking for uint16_t
configure:16075: gcc -c -g -O2 -std=c99 -Wall  conftest.c >&5
configure:16075: $? = 0
configure:16075: result: yes
configure:16087: checking for uint32_t
configure:16087: gcc -c -g -O2 -std=c99 -Wall  conftest.c >&5
configure:16087: $? = 0
configure:16087: result: yes
configure:16101: checking for uint64_t
configure:16101: gcc -c -g -O2 -std=c99 -Wall  conftest.c >&5
configure:16101: $? = 0
configure:16101: result: yes
configure:16115: checking for uint8_t
configure:16115: gcc -c -g -O2 -std=c99 -Wall  conftest.c >&5
configure:16115: $? = 0
configure:16115: result: yes
configure:16134: checking for malloc
configure:16134: gcc -o conftest -g -O2 -std=c99 -Wall   conftest.c  >&5
conftest.c:52:6: warning: conflicting types for built-in function 'malloc'
 char malloc ();
      ^
configure:16134: $? = 0
configure:16134: result: yes
configure:16134: checking for memmove
configure:16134: gcc -o conftest -g -O2 -std=c99 -Wall   conftest.c  >&5
conftest.c:53:6: warning: conflicting types for built-in function 'memmove'
 char memmove ();
      ^
configure:16134: $? = 0
configure:16134: result: yes
configure:16134: checking for memset
configure:16134: gcc -o conftest -g -O2 -std=c99 -Wall   conftest.c  >&5
conftest.c:54:6: warning: conflicting types for built-in function 'memset'
 char memset ();
      ^
configure:16134: $? = 0
configure:16134: result: yes
configure:16134: checking for __malloc_hook
configure:16134: gcc -o conftest -g -O2 -std=c99 -Wall   conftest.c  >&5
configure:16134: $? = 0
configure:16134: result: yes
configure:16134: checking for memalign
configure:16134: gcc -o conftest -g -O2 -std=c99 -Wall   conftest.c  >&5
configure:16134: $? = 0
configure:16134: result: yes
configure:16134: checking for posix_memalign
configure:16134: gcc -o conftest -g -O2 -std=c99 -Wall   conftest.c  >&5
configure:16134: $? = 0
configure:16134: result: yes
configure:16134: checking for __mingw_aligned_malloc
configure:16134: gcc -o conftest -g -O2 -std=c99 -Wall   conftest.c  >&5
/tmp/ccQ9S40z.o: In function `main':
/home/osboxes/lahiru/mod2_libde (copy)/conftest.c:69: undefined reference to `__mingw_aligned_malloc'
collect2: error: ld returned 1 exit status
configure:16134: $? = 1
configure: failed program was:
| /* confdefs.h */
| #define PACKAGE_NAME "libde265"
| #define PACKAGE_TARNAME "libde265"
| #define PACKAGE_VERSION "0.5"
| #define PACKAGE_STRING "libde265 0.5"
| #define PACKAGE_BUGREPORT "farin@struktur.de"
| #define PACKAGE_URL ""
| #define STDC_HEADERS 1
| #define HAVE_SYS_TYPES_H 1
| #define HAVE_SYS_STAT_H 1
| #define HAVE_STDLIB_H 1
| #define HAVE_STRING_H 1
| #define HAVE_MEMORY_H 1
| #define HAVE_STRINGS_H 1
| #define HAVE_INTTYPES_H 1
| #define HAVE_STDINT_H 1
| #define HAVE_UNISTD_H 1
| #define HAVE_DLFCN_H 1
| #define LT_OBJDIR ".libs/"
| #define PACKAGE "libde265"
| #define VERSION "0.5"
| #define HAVE_STDINT_H 1
| #define HAVE_STDLIB_H 1
| #define HAVE_STRING_H 1
| #define HAVE_MALLOC_H 1
| #define HAVE__BOOL 1
| #define HAVE_STDBOOL_H 1
| #define HAVE_MALLOC 1
| #define HAVE_MEMMOVE 1
| #define HAVE_MEMSET 1
| #define HAVE___MALLOC_HOOK 1
| #define HAVE_MEMALIGN 1
| #define HAVE_POSIX_MEMALIGN 1
| /* end confdefs.h.  */
| /* Define __mingw_aligned_malloc to an innocuous variant, in case <limits.h> declares __mingw_aligned_malloc.
|    For example, HP-UX 11i <limits.h> declares gettimeofday.  */
| #define __mingw_aligned_malloc innocuous___mingw_aligned_malloc
| 
| /* System header to define __stub macros and hopefully few prototypes,
|     which can conflict with char __mingw_aligned_malloc (); below.
|     Prefer <limits.h> to <assert.h> if __STDC__ is defined, since
|     <limits.h> exists even on freestanding compilers.  */
| 
| #ifdef __STDC__
| # include <limits.h>
| #else
| # include <assert.h>
| #endif
| 
| #undef __mingw_aligned_malloc
| 
| /* Override any GCC internal prototype to avoid an error.
|    Use char because int might match the return type of a GCC
|    builtin and then its argument prototype would still apply.  */
| #ifdef __cplusplus
| extern "C"
| #endif
| char __mingw_aligned_malloc ();
| /* The GNU C library defines this for functions which it implements
|     to always fail with ENOSYS.  Some functions are actually named
|     something starting with __ and the normal name is an alias.  */
| #if defined __stub___mingw_aligned_malloc || defined __stub_____mingw_aligned_malloc
| choke me
| #endif
| 
| int
| main ()
| {
| return __mingw_aligned_malloc ();
|   ;
|   return 0;
| }
configure:16134: result: no
configure:16134: checking for __mingw_aligned_free
configure:16134: gcc -o conftest -g -O2 -std=c99 -Wall   conftest.c  >&5
/tmp/ccOGRuUG.o: In function `main':
/home/osboxes/lahiru/mod2_libde (copy)/conftest.c:69: undefined reference to `__mingw_aligned_free'
collect2: error: ld returned 1 exit status
configure:16134: $? = 1
configure: failed program was:
| /* confdefs.h */
| #define PACKAGE_NAME "libde265"
| #define PACKAGE_TARNAME "libde265"
| #define PACKAGE_VERSION "0.5"
| #define PACKAGE_STRING "libde265 0.5"
| #define PACKAGE_BUGREPORT "farin@struktur.de"
| #define PACKAGE_URL ""
| #define STDC_HEADERS 1
| #define HAVE_SYS_TYPES_H 1
| #define HAVE_SYS_STAT_H 1
| #define HAVE_STDLIB_H 1
| #define HAVE_STRING_H 1
| #define HAVE_MEMORY_H 1
| #define HAVE_STRINGS_H 1
| #define HAVE_INTTYPES_H 1
| #define HAVE_STDINT_H 1
| #define HAVE_UNISTD_H 1
| #define HAVE_DLFCN_H 1
| #define LT_OBJDIR ".libs/"
| #define PACKAGE "libde265"
| #define VERSION "0.5"
| #define HAVE_STDINT_H 1
| #define HAVE_STDLIB_H 1
| #define HAVE_STRING_H 1
| #define HAVE_MALLOC_H 1
| #define HAVE__BOOL 1
| #define HAVE_STDBOOL_H 1
| #define HAVE_MALLOC 1
| #define HAVE_MEMMOVE 1
| #define HAVE_MEMSET 1
| #define HAVE___MALLOC_HOOK 1
| #define HAVE_MEMALIGN 1
| #define HAVE_POSIX_MEMALIGN 1
| /* end confdefs.h.  */
| /* Define __mingw_aligned_free to an innocuous variant, in case <limits.h> declares __mingw_aligned_free.
|    For example, HP-UX 11i <limits.h> declares gettimeofday.  */
| #define __mingw_aligned_free innocuous___mingw_aligned_free
| 
| /* System header to define __stub macros and hopefully few prototypes,
|     which can conflict with char __mingw_aligned_free (); below.
|     Prefer <limits.h> to <assert.h> if __STDC__ is defined, since
|     <limits.h> exists even on freestanding compilers.  */
| 
| #ifdef __STDC__
| # include <limits.h>
| #else
| # include <assert.h>
| #endif
| 
| #undef __mingw_aligned_free
| 
| /* Override any GCC internal prototype to avoid an error.
|    Use char because int might match the return type of a GCC
|    builtin and then its argument prototype would still apply.  */
| #ifdef __cplusplus
| extern "C"
| #endif
| char __mingw_aligned_free ();
| /* The GNU C library defines this for functions which it implements
|     to always fail with ENOSYS.  Some functions are actually named
|     something starting with __ and the normal name is an alias.  */
| #if defined __stub___mingw_aligned_free || defined __stub_____mingw_aligned_free
| choke me
| #endif
| 
| int
| main ()
| {
| return __mingw_aligned_free ();
|   ;
|   return 0;
| }
configure:16134: result: no
configure:16144: checking for library containing sqrt
configure:16175: gcc -o conftest -g -O2 -std=c99 -Wall   conftest.c  >&5
conftest.c:42:6: warning: conflicting types for built-in function 'sqrt'
 char sqrt ();
      ^
/tmp/cc3cGxZL.o: In function `main':
/home/osboxes/lahiru/mod2_libde (copy)/conftest.c:46: undefined reference to `sqrt'
collect2: error: ld returned 1 exit status
configure:16175: $? = 1
configure: failed program was:
| /* confdefs.h */
| #define PACKAGE_NAME "libde265"
| #define PACKAGE_TARNAME "libde265"
| #define PACKAGE_VERSION "0.5"
| #define PACKAGE_STRING "libde265 0.5"
| #define PACKAGE_BUGREPORT "farin@struktur.de"
| #define PACKAGE_URL ""
| #define STDC_HEADERS 1
| #define HAVE_SYS_TYPES_H 1
| #define HAVE_SYS_STAT_H 1
| #define HAVE_STDLIB_H 1
| #define HAVE_STRING_H 1
| #define HAVE_MEMORY_H 1
| #define HAVE_STRINGS_H 1
| #define HAVE_INTTYPES_H 1
| #define HAVE_STDINT_H 1
| #define HAVE_UNISTD_H 1
| #define HAVE_DLFCN_H 1
| #define LT_OBJDIR ".libs/"
| #define PACKAGE "libde265"
| #define VERSION "0.5"
| #define HAVE_STDINT_H 1
| #define HAVE_STDLIB_H 1
| #define HAVE_STRING_H 1
| #define HAVE_MALLOC_H 1
| #define HAVE__BOOL 1
| #define HAVE_STDBOOL_H 1
| #define HAVE_MALLOC 1
| #define HAVE_MEMMOVE 1
| #define HAVE_MEMSET 1
| #define HAVE___MALLOC_HOOK 1
| #define HAVE_MEMALIGN 1
| #define HAVE_POSIX_MEMALIGN 1
| /* end confdefs.h.  */
| 
| /* Override any GCC internal prototype to avoid an error.
|    Use char because int might match the return type of a GCC
|    builtin and then its argument prototype would still apply.  */
| #ifdef __cplusplus
| extern "C"
| #endif
| char sqrt ();
| int
| main ()
| {
| return sqrt ();
|   ;
|   return 0;
| }
configure:16175: gcc -o conftest -g -O2 -std=c99 -Wall   conftest.c -lm   >&5
conftest.c:42:6: warning: conflicting types for built-in function 'sqrt'
 char sqrt ();
      ^
configure:16175: $? = 0
configure:16192: result: -lm
configure:16200: checking for library containing pthread_create
configure:16231: gcc -o conftest -g -O2 -std=c99 -Wall   conftest.c -lm  >&5
/tmp/ccWi4w2R.o: In function `main':
/home/osboxes/lahiru/mod2_libde (copy)/conftest.c:46: undefined reference to `pthread_create'
collect2: error: ld returned 1 exit status
configure:16231: $? = 1
configure: failed program was:
| /* confdefs.h */
| #define PACKAGE_NAME "libde265"
| #define PACKAGE_TARNAME "libde265"
| #define PACKAGE_VERSION "0.5"
| #define PACKAGE_STRING "libde265 0.5"
| #define PACKAGE_BUGREPORT "farin@struktur.de"
| #define PACKAGE_URL ""
| #define STDC_HEADERS 1
| #define HAVE_SYS_TYPES_H 1
| #define HAVE_SYS_STAT_H 1
| #define HAVE_STDLIB_H 1
| #define HAVE_STRING_H 1
| #define HAVE_MEMORY_H 1
| #define HAVE_STRINGS_H 1
| #define HAVE_INTTYPES_H 1
| #define HAVE_STDINT_H 1
| #define HAVE_UNISTD_H 1
| #define HAVE_DLFCN_H 1
| #define LT_OBJDIR ".libs/"
| #define PACKAGE "libde265"
| #define VERSION "0.5"
| #define HAVE_STDINT_H 1
| #define HAVE_STDLIB_H 1
| #define HAVE_STRING_H 1
| #define HAVE_MALLOC_H 1
| #define HAVE__BOOL 1
| #define HAVE_STDBOOL_H 1
| #define HAVE_MALLOC 1
| #define HAVE_MEMMOVE 1
| #define HAVE_MEMSET 1
| #define HAVE___MALLOC_HOOK 1
| #define HAVE_MEMALIGN 1
| #define HAVE_POSIX_MEMALIGN 1
| /* end confdefs.h.  */
| 
| /* Override any GCC internal prototype to avoid an error.
|    Use char because int might match the return type of a GCC
|    builtin and then its argument prototype would still apply.  */
| #ifdef __cplusplus
| extern "C"
| #endif
| char pthread_create ();
| int
| main ()
| {
| return pthread_create ();
|   ;
|   return 0;
| }
configure:16231: gcc -o conftest -g -O2 -std=c99 -Wall   conftest.c -lpthread  -lm  >&5
configure:16231: $? = 0
configure:16248: result: -lpthread
configure:16277: checking whether C compiler accepts -msse4.1
configure:16296: gcc -c -g -O2 -std=c99 -Wall  -msse4.1  conftest.c >&5
configure:16296: $? = 0
configure:16304: result: yes
configure:16456: checking for pkg-config
configure:16474: found /usr/bin/pkg-config
configure:16486: result: /usr/bin/pkg-config
configure:16511: checking pkg-config is at least version 0.9.0
configure:16514: result: yes
configure:16524: checking for VIDEOGFX
configure:16531: $PKG_CONFIG --exists --print-errors "libvideogfx"
Package libvideogfx was not found in the pkg-config search path.
Perhaps you should add the directory containing `libvideogfx.pc'
to the PKG_CONFIG_PATH environment variable
No package 'libvideogfx' found
configure:16534: $? = 1
configure:16548: $PKG_CONFIG --exists --print-errors "libvideogfx"
Package libvideogfx was not found in the pkg-config search path.
Perhaps you should add the directory containing `libvideogfx.pc'
to the PKG_CONFIG_PATH environment variable
No package 'libvideogfx' found
configure:16551: $? = 1
configure:16565: result: no
No package 'libvideogfx' found
configure:16582: WARNING: Did not find libvideogfx, compilation of sherlock265 will be disabled.
configure:16608: checking for SDL
configure:16615: $PKG_CONFIG --exists --print-errors "sdl"
Package sdl was not found in the pkg-config search path.
Perhaps you should add the directory containing `sdl.pc'
to the PKG_CONFIG_PATH environment variable
No package 'sdl' found
configure:16618: $? = 1
configure:16632: $PKG_CONFIG --exists --print-errors "sdl"
Package sdl was not found in the pkg-config search path.
Perhaps you should add the directory containing `sdl.pc'
to the PKG_CONFIG_PATH environment variable
No package 'sdl' found
configure:16635: $? = 1
configure:16649: result: no
No package 'sdl' found
configure:16666: WARNING: Did not find libsdl, video output of dec265 will be disabled.
configure:16934: checking that generated files are newer than configure
configure:16940: result: done
configure:16987: creating ./config.status

## ---------------------- ##
## Running config.status. ##
## ---------------------- ##

This file was extended by libde265 config.status 0.5, which was
generated by GNU Autoconf 2.69.  Invocation command line was

  CONFIG_FILES    = 
  CONFIG_HEADERS  = 
  CONFIG_LINKS    = 
  CONFIG_COMMANDS = 
  $ ./config.status 

on osboxes

config.status:1188: creating Makefile
config.status:1188: creating libde265/Makefile
config.status:1188: creating libde265/x86/Makefile
config.status:1188: creating libde265/de265-version.h
config.status:1188: creating dec265/Makefile
config.status:1188: creating sherlock265/Makefile
config.status:1188: creating config.h
config.status:1369: config.h is unchanged
config.status:1417: executing libtool commands
config.status:1417: executing depfiles commands

## ---------------- ##
## Cache variables. ##
## ---------------- ##

ac_cv_build=x86_64-unknown-linux-gnu
ac_cv_c_compiler_gnu=yes
ac_cv_c_int16_t=yes
ac_cv_c_int32_t=yes
ac_cv_c_int8_t=yes
ac_cv_c_uint16_t=yes
ac_cv_c_uint32_t=yes
ac_cv_c_uint64_t=yes
ac_cv_c_uint8_t=yes
ac_cv_cxx_compiler_gnu=yes
ac_cv_env_CCC_set=
ac_cv_env_CCC_value=
ac_cv_env_CC_set=
ac_cv_env_CC_value=
ac_cv_env_CFLAGS_set=
ac_cv_env_CFLAGS_value=
ac_cv_env_CPPFLAGS_set=
ac_cv_env_CPPFLAGS_value=
ac_cv_env_CPP_set=
ac_cv_env_CPP_value=
ac_cv_env_CXXCPP_set=
ac_cv_env_CXXCPP_value=
ac_cv_env_CXXFLAGS_set=
ac_cv_env_CXXFLAGS_value=
ac_cv_env_CXX_set=
ac_cv_env_CXX_value=
ac_cv_env_LDFLAGS_set=
ac_cv_env_LDFLAGS_value=
ac_cv_env_LIBS_set=
ac_cv_env_LIBS_value=
ac_cv_env_PKG_CONFIG_LIBDIR_set=
ac_cv_env_PKG_CONFIG_LIBDIR_value=
ac_cv_env_PKG_CONFIG_PATH_set=
ac_cv_env_PKG_CONFIG_PATH_value=
ac_cv_env_PKG_CONFIG_set=
ac_cv_env_PKG_CONFIG_value=
ac_cv_env_QT_CFLAGS_set=
ac_cv_env_QT_CFLAGS_value=
ac_cv_env_QT_LIBS_set=
ac_cv_env_QT_LIBS_value=
ac_cv_env_SDL_CFLAGS_set=
ac_cv_env_SDL_CFLAGS_value=
ac_cv_env_SDL_LIBS_set=
ac_cv_env_SDL_LIBS_value=
ac_cv_env_VIDEOGFX_CFLAGS_set=
ac_cv_env_VIDEOGFX_CFLAGS_value=
ac_cv_env_VIDEOGFX_LIBS_set=
ac_cv_env_VIDEOGFX_LIBS_value=
ac_cv_env_build_alias_set=
ac_cv_env_build_alias_value=
ac_cv_env_host_alias_set=
ac_cv_env_host_alias_value=
ac_cv_env_target_alias_set=
ac_cv_env_target_alias_value=
ac_cv_func___malloc_hook=yes
ac_cv_func___mingw_aligned_free=no
ac_cv_func___mingw_aligned_malloc=no
ac_cv_func_malloc=yes
ac_cv_func_memalign=yes
ac_cv_func_memmove=yes
ac_cv_func_memset=yes
ac_cv_func_posix_memalign=yes
ac_cv_header_dlfcn_h=yes
ac_cv_header_inttypes_h=yes
ac_cv_header_malloc_h=yes
ac_cv_header_memory_h=yes
ac_cv_header_stdbool_h=yes
ac_cv_header_stdc=yes
ac_cv_header_stdint_h=yes
ac_cv_header_stdlib_h=yes
ac_cv_header_string_h=yes
ac_cv_header_strings_h=yes
ac_cv_header_sys_stat_h=yes
ac_cv_header_sys_types_h=yes
ac_cv_header_unistd_h=yes
ac_cv_host=x86_64-unknown-linux-gnu
ac_cv_objext=o
ac_cv_path_EGREP='/bin/grep -E'
ac_cv_path_FGREP='/bin/grep -F'
ac_cv_path_GREP=/bin/grep
ac_cv_path_SED=/bin/sed
ac_cv_path_ac_pt_PKG_CONFIG=/usr/bin/pkg-config
ac_cv_path_install='/usr/bin/install -c'
ac_cv_path_mkdir=/bin/mkdir
ac_cv_prog_AWK=mawk
ac_cv_prog_CPP='gcc -E'
ac_cv_prog_CXXCPP='g++ -E'
ac_cv_prog_ac_ct_AR=ar
ac_cv_prog_ac_ct_CC=gcc
ac_cv_prog_ac_ct_CXX=g++
ac_cv_prog_ac_ct_MANIFEST_TOOL=mt
ac_cv_prog_ac_ct_OBJDUMP=objdump
ac_cv_prog_ac_ct_RANLIB=ranlib
ac_cv_prog_ac_ct_STRIP=strip
ac_cv_prog_cc_c89=
ac_cv_prog_cc_g=yes
ac_cv_prog_cxx_g=yes
ac_cv_prog_make_make_set=yes
ac_cv_search_pthread_create=-lpthread
ac_cv_search_sqrt=-lm
ac_cv_target=x86_64-unknown-linux-gnu
ac_cv_type__Bool=yes
am_cv_CC_dependencies_compiler_type=gcc3
am_cv_CXX_dependencies_compiler_type=gcc3
am_cv_make_support_nested_variables=yes
ax_cv_check_cflags___msse4_1=yes
ax_cv_support_sse41_ext=yes
lt_cv_ar_at_file=@
lt_cv_archive_cmds_need_lc=no
lt_cv_deplibs_check_method=pass_all
lt_cv_file_magic_cmd='$MAGIC_CMD'
lt_cv_file_magic_test_file=
lt_cv_ld_reload_flag=-r
lt_cv_nm_interface='BSD nm'
lt_cv_objdir=.libs
lt_cv_path_LD=/usr/bin/ld
lt_cv_path_LDCXX='/usr/bin/ld -m elf_x86_64'
lt_cv_path_NM='/usr/bin/nm -B'
lt_cv_path_mainfest_tool=no
lt_cv_prog_compiler_c_o=yes
lt_cv_prog_compiler_c_o_CXX=yes
lt_cv_prog_compiler_pic='-fPIC -DPIC'
lt_cv_prog_compiler_pic_CXX='-fPIC -DPIC'
lt_cv_prog_compiler_pic_works=yes
lt_cv_prog_compiler_pic_works_CXX=yes
lt_cv_prog_compiler_rtti_exceptions=no
lt_cv_prog_compiler_static_works=yes
lt_cv_prog_compiler_static_works_CXX=yes
lt_cv_prog_gnu_ld=yes
lt_cv_prog_gnu_ldcxx=yes
lt_cv_sharedlib_from_linklib_cmd='printf %s\n'
lt_cv_shlibpath_overrides_runpath=no
lt_cv_sys_global_symbol_pipe='sed -n -e '\''s/^.*[	 ]\([ABCDGIRSTW][ABCDGIRSTW]*\)[	 ][	 ]*\([_A-Za-z][_A-Za-z0-9]*\)$/\1 \2 \2/p'\'' | sed '\''/ __gnu_lto/d'\'''
lt_cv_sys_global_symbol_to_c_name_address='sed -n -e '\''s/^: \([^ ]*\)[ ]*$/  {\"\1\", (void *) 0},/p'\'' -e '\''s/^[ABCDGIRSTW]* \([^ ]*\) \([^ ]*\)$/  {"\2", (void *) \&\2},/p'\'''
lt_cv_sys_global_symbol_to_c_name_address_lib_prefix='sed -n -e '\''s/^: \([^ ]*\)[ ]*$/  {\"\1\", (void *) 0},/p'\'' -e '\''s/^[ABCDGIRSTW]* \([^ ]*\) \(lib[^ ]*\)$/  {"\2", (void *) \&\2},/p'\'' -e '\''s/^[ABCDGIRSTW]* \([^ ]*\) \([^ ]*\)$/  {"lib\2", (void *) \&\2},/p'\'''
lt_cv_sys_global_symbol_to_cdecl='sed -n -e '\''s/^T .* \(.*\)$/extern int \1();/p'\'' -e '\''s/^[ABCDGIRSTW]* .* \(.*\)$/extern char \1;/p'\'''
lt_cv_sys_max_cmd_len=1572864
lt_cv_to_host_file_cmd=func_convert_file_noop
lt_cv_to_tool_file_cmd=func_convert_file_noop

## ----------------- ##
## Output variables. ##
## ----------------- ##

ACLOCAL='${SHELL} "/home/osboxes/lahiru/mod2_libde (copy)/missing" aclocal-1.13'
AMDEPBACKSLASH='\'
AMDEP_FALSE='#'
AMDEP_TRUE=''
AMTAR='$${TAR-tar}'
AM_BACKSLASH='\'
AM_DEFAULT_V='$(AM_DEFAULT_VERBOSITY)'
AM_DEFAULT_VERBOSITY='1'
AM_V='$(V)'
AR='ar'
AUTOCONF='${SHELL} "/home/osboxes/lahiru/mod2_libde (copy)/missing" autoconf'
AUTOHEADER='${SHELL} "/home/osboxes/lahiru/mod2_libde (copy)/missing" autoheader'
AUTOMAKE='${SHELL} "/home/osboxes/lahiru/mod2_libde (copy)/missing" automake-1.13'
AWK='mawk'
CC='gcc'
CCDEPMODE='depmode=gcc3'
CFLAGS='-g -O2 -std=c99 -Wall -DDE265_LOG_ERROR'
CPP='gcc -E'
CPPFLAGS=''
CXX='g++'
CXXCPP='g++ -E'
CXXDEPMODE='depmode=gcc3'
CXXFLAGS='-g -O2 -std=c++0x'
CYGPATH_W='echo'
DEFS='-DHAVE_CONFIG_H'
DEPDIR='.deps'
DLLTOOL='false'
DSYMUTIL=''
DUMPBIN=''
ECHO_C=''
ECHO_N='-n'
ECHO_T=''
EGREP='/bin/grep -E'
ENABLE_DEC265_FALSE='#'
ENABLE_DEC265_TRUE=''
ENABLE_SHERLOCK265_FALSE=''
ENABLE_SHERLOCK265_TRUE='#'
ENABLE_SSE_OPT_FALSE='#'
ENABLE_SSE_OPT_TRUE=''
EXEEXT=''
FGREP='/bin/grep -F'
GREP='/bin/grep'
HAVE_SDL_FALSE=''
HAVE_SDL_TRUE='#'
INSTALL_DATA='${INSTALL} -m 644'
INSTALL_PROGRAM='${INSTALL}'
INSTALL_SCRIPT='${INSTALL}'
INSTALL_STRIP_PROGRAM='$(install_sh) -c -s'
LD='/usr/bin/ld -m elf_x86_64'
LDFLAGS=''
LIBDE265_AGE='0'
LIBDE265_CURRENT='0'
LIBDE265_REVISION='4'
LIBOBJS=''
LIBS='-lpthread -lm '
LIBTOOL='$(SHELL) $(top_builddir)/libtool'
LIPO=''
LN_S='ln -s'
LTLIBOBJS=''
MAKEINFO='${SHELL} "/home/osboxes/lahiru/mod2_libde (copy)/missing" makeinfo'
MANIFEST_TOOL=':'
MINGW_FALSE=''
MINGW_TRUE='#'
MKDIR_P='/bin/mkdir -p'
NM='/usr/bin/nm -B'
NMEDIT=''
NUMERIC_VERSION='0x00050000'
OBJDUMP='objdump'
OBJEXT='o'
OTOOL64=''
OTOOL=''
PACKAGE='libde265'
PACKAGE_BUGREPORT='farin@struktur.de'
PACKAGE_NAME='libde265'
PACKAGE_STRING='libde265 0.5'
PACKAGE_TARNAME='libde265'
PACKAGE_URL=''
PACKAGE_VERSION='0.5'
PATH_SEPARATOR=':'
PKG_CONFIG='/usr/bin/pkg-config'
PKG_CONFIG_LIBDIR=''
PKG_CONFIG_PATH=''
QT_CFLAGS=''
QT_LIBS=''
RANLIB='ranlib'
SDL_CFLAGS=''
SDL_LIBS=''
SED='/bin/sed'
SET_MAKE=''
SHELL='/bin/bash'
STRIP='strip'
VERSION='0.5'
VIDEOGFX_CFLAGS=''
VIDEOGFX_LIBS=''
ac_ct_AR='ar'
ac_ct_CC='gcc'
ac_ct_CXX='g++'
ac_ct_DUMPBIN=''
am__EXEEXT_FALSE=''
am__EXEEXT_TRUE='#'
am__fastdepCC_FALSE='#'
am__fastdepCC_TRUE=''
am__fastdepCXX_FALSE='#'
am__fastdepCXX_TRUE=''
am__include='include'
am__isrc=''
am__leading_dot='.'
am__nodep='_no'
am__quote=''
am__tar='$${TAR-tar} chof - "$$tardir"'
am__untar='$${TAR-tar} xf -'
bindir='${exec_prefix}/bin'
build='x86_64-unknown-linux-gnu'
build_alias=''
build_cpu='x86_64'
build_os='linux-gnu'
build_vendor='unknown'
datadir='${datarootdir}'
datarootdir='${prefix}/share'
docdir='${datarootdir}/doc/${PACKAGE_TARNAME}'
dvidir='${docdir}'
exec_prefix='${prefix}'
host='x86_64-unknown-linux-gnu'
host_alias=''
host_cpu='x86_64'
host_os='linux-gnu'
host_vendor='unknown'
htmldir='${docdir}'
includedir='${prefix}/include'
infodir='${datarootdir}/info'
install_sh='${SHELL} '\''/home/osboxes/lahiru/mod2_libde (copy)/install-sh'\'''
libdir='${exec_prefix}/lib'
libexecdir='${exec_prefix}/libexec'
localedir='${datarootdir}/locale'
localstatedir='${prefix}/var'
mandir='${datarootdir}/man'
mkdir_p='$(MKDIR_P)'
oldincludedir='/usr/include'
pdfdir='${docdir}'
prefix='/usr/local'
program_transform_name='s,x,x,'
psdir='${docdir}'
sbindir='${exec_prefix}/sbin'
sharedstatedir='${prefix}/com'
sysconfdir='${prefix}/etc'
target='x86_64-unknown-linux-gnu'
target_alias=''
target_cpu='x86_64'
target_os='linux-gnu'
target_vendor='unknown'

## ----------- ##
## confdefs.h. ##
## ----------- ##

/* confdefs.h */
#define PACKAGE_NAME "libde265"
#define PACKAGE_TARNAME "libde265"
#define PACKAGE_VERSION "0.5"
#define PACKAGE_STRING "libde265 0.5"
#define PACKAGE_BUGREPORT "farin@struktur.de"
#define PACKAGE_URL ""
#define STDC_HEADERS 1
#define HAVE_SYS_TYPES_H 1
#define HAVE_SYS_STAT_H 1
#define HAVE_STDLIB_H 1
#define HAVE_STRING_H 1
#define HAVE_MEMORY_H 1
#define HAVE_STRINGS_H 1
#define HAVE_INTTYPES_H 1
#define HAVE_STDINT_H 1
#define HAVE_UNISTD_H 1
#define HAVE_DLFCN_H 1
#define LT_OBJDIR ".libs/"
#define PACKAGE "libde265"
#define VERSION "0.5"
#define HAVE_STDINT_H 1
#define HAVE_STDLIB_H 1
#define HAVE_STRING_H 1
#define HAVE_MALLOC_H 1
#define HAVE__BOOL 1
#define HAVE_STDBOOL_H 1
#define HAVE_MALLOC 1
#define HAVE_MEMMOVE 1
#define HAVE_MEMSET 1
#define HAVE___MALLOC_HOOK 1
#define HAVE_MEMALIGN 1
#define HAVE_POSIX_MEMALIGN 1
#define HAVE_SSE4_1 1

configure: exit 0
